{
  "RSpec": {
    "coverage": {
      "/Users/joeingram/projects/week10/gilded-rose-tech-test/spec/brie_spec.rb": [
        null,
        null,
        null,
        null,
        null,
        null,
        null,
        null,
        null,
        null,
        null,
        null,
        null
      ],
      "/Users/joeingram/projects/week10/gilded-rose-tech-test/spec/gilded_rose_spec.rb": [
        1,
        null,
        1,
        1,
        18,
        18,
        18,
        18,
        18,
        18,
        18,
        18,
        18,
        null,
        null,
        null,
        1,
        1,
        1,
        1,
        null,
        null,
        null,
        null,
        1,
        1,
        4,
        null,
        null,
        1,
        4,
        null,
        null,
        1,
        1,
        50,
        null,
        4,
        null,
        null,
        null,
        1,
        1,
        4,
        null,
        null,
        1,
        4,
        null,
        null,
        1,
        1,
        10,
        null,
        4,
        null,
        null,
        null,
        1,
        4,
        null,
        null,
        1,
        4,
        null,
        null,
        1,
        4,
        null,
        null,
        null,
        1,
        4,
        null,
        null,
        1,
        4,
        null,
        null,
        1,
        1,
        5,
        null,
        4,
        null,
        null,
        1,
        1,
        10,
        null,
        4,
        null,
        null,
        1,
        1,
        4,
        null,
        null,
        null,
        1,
        4,
        null,
        null,
        1,
        4,
        null,
        null,
        1,
        1,
        3,
        null,
        4,
        null,
        null,
        null
      ],
      "/Users/joeingram/projects/week10/gilded-rose-tech-test/lib/gilded_rose.rb": [
        1,
        null,
        1,
        null,
        1,
        18,
        null,
        null,
        1,
        97,
        673,
        96,
        577,
        96,
        481,
        288,
        193,
        96,
        null,
        null,
        null,
        null,
        null,
        1,
        96,
        96,
        null,
        null,
        1,
        96,
        96,
        null,
        null,
        1,
        null,
        null,
        null,
        1,
        288,
        288,
        7,
        281,
        16,
        265,
        71,
        null,
        null,
        null,
        null,
        null,
        1,
        96,
        null,
        null,
        1,
        576,
        null,
        null,
        null,
        null,
        null,
        null,
        null,
        null,
        null,
        null,
        null,
        null,
        null,
        null,
        null,
        null,
        null,
        null,
        null,
        null,
        null,
        null,
        null,
        null,
        null,
        null,
        null,
        null,
        null,
        null,
        null,
        null,
        null,
        null,
        null,
        null,
        null,
        null,
        null,
        null,
        null,
        null,
        null,
        null
      ],
      "/Users/joeingram/projects/week10/gilded-rose-tech-test/lib/item.rb": [
        1,
        null,
        1,
        1,
        null,
        1,
        120,
        120,
        120,
        null,
        null,
        1,
        0,
        null,
        null
      ],
      "/Users/joeingram/projects/week10/gilded-rose-tech-test/lib/brie.rb": [
        null,
        null,
        null,
        null,
        null,
        null,
        null,
        null,
        null,
        null,
        null,
        null,
        null
      ]
    },
    "timestamp": 1509540238
  }
}
