{
  "RSpec": {
    "coverage": {
      "/Users/joeingram/projects/week10/gilded-rose-tech-test/spec/gilded_rose_spec.rb": [
        1,
        null,
        1,
        1,
        2,
        2,
        2,
        2,
        2,
        2,
        2,
        2,
        2,
        null,
        null,
        null,
        1,
        0,
        0,
        0,
        null,
        null,
        null,
        null,
        1,
        0,
        null,
        null,
        1,
        0,
        null,
        null,
        1,
        0,
        0,
        null,
        0,
        null,
        null,
        null,
        1,
        0,
        null,
        null,
        1,
        0,
        null,
        null,
        1,
        1,
        10,
        null,
        4,
        null,
        null,
        null,
        1,
        0,
        null,
        null,
        1,
        0,
        null,
        null,
        1,
        0,
        null,
        null,
        null,
        1,
        0,
        null,
        null,
        1,
        0,
        null,
        null,
        1,
        0,
        0,
        null,
        0,
        null,
        null,
        1,
        0,
        0,
        null,
        0,
        null,
        null,
        1,
        0,
        0,
        null,
        null,
        null,
        1,
        0,
        null,
        null,
        1,
        0,
        null,
        null,
        1,
        0,
        0,
        null,
        0,
        null,
        null,
        null
      ],
      "/Users/joeingram/projects/week10/gilded-rose-tech-test/lib/gilded_rose.rb": [
        1,
        null,
        1,
        null,
        1,
        1,
        null,
        null,
        1,
        11,
        77,
        11,
        66,
        11,
        55,
        33,
        22,
        11,
        null,
        null,
        null,
        null,
        null,
        1,
        11,
        11,
        null,
        null,
        1,
        11,
        11,
        11,
        null,
        null,
        1,
        null,
        null,
        null,
        1,
        33,
        33,
        1,
        32,
        5,
        27,
        7,
        null,
        null,
        null,
        null,
        null,
        1,
        11,
        null,
        null,
        1,
        66,
        null,
        null,
        null,
        null,
        null,
        null,
        null,
        null,
        null,
        null,
        null,
        null,
        null,
        null,
        null,
        null,
        null,
        null,
        null,
        null,
        null,
        null,
        null,
        null,
        null,
        null,
        null,
        null,
        null,
        null,
        null,
        null,
        null,
        null,
        null,
        null,
        null,
        null,
        null,
        null,
        null,
        null,
        null,
        null
      ],
      "/Users/joeingram/projects/week10/gilded-rose-tech-test/lib/item.rb": [
        1,
        null,
        1,
        1,
        null,
        1,
        7,
        7,
        7,
        null,
        null,
        1,
        0,
        null,
        null
      ],
      "/Users/joeingram/projects/week10/gilded-rose-tech-test/lib/brie.rb": [
        null,
        null,
        null,
        null,
        null,
        null,
        null,
        null,
        null,
        null,
        null,
        null,
        null
      ]
    },
    "timestamp": 1509540549
  }
}
